Copyright 1986-2017 Xilinx, Inc. All Rights Reserved.
------------------------------------------------------------------------------------
| Tool Version : Vivado v.2017.4 (win64) Build 2086221 Fri Dec 15 20:55:39 MST 2017
| Date         : Tue Dec 17 12:56:34 2019
| Host         : DESKTOP-PIC0RJ8 running 64-bit major release  (build 9200)
| Command      : upgrade_ip
| Device       : xc7a200tfbg484-1
------------------------------------------------------------------------------------

Upgrade Log for IP 'DisplayROM'

1. Summary
----------

SUCCESS in the upgrade of DisplayROM (xilinx.com:ip:dist_mem_gen:8.0) from (Rev. 11) to (Rev. 12)






Copyright 1986-2017 Xilinx, Inc. All Rights Reserved.
------------------------------------------------------------------------------------
| Tool Version : Vivado v.2017.4 (win64) Build 2086221 Fri Dec 15 20:55:39 MST 2017
| Date         : Tue Dec 17 12:56:32 2019
| Host         : DESKTOP-PIC0RJ8 running 64-bit major release  (build 9200)
| Command      : upgrade_ip
| Device       : xc7a200tfbg484-1
------------------------------------------------------------------------------------

Upgrade Log for IP 'DCM_PLL'

1. Summary
----------

SUCCESS in the upgrade of DCM_PLL (xilinx.com:ip:clk_wiz:5.4) to (Rev. 3)

