INFO: [VRFC 10-2263] Analyzing Verilog file "E:/codetest/Verilogtest/lab30_Risc5CPU/vivado/Risc5CPU.sim/sim_1/impl/timing/xsim/Risc5CPU_tb_v_time_impl.v" into library xil_defaultlib
INFO: [VRFC 10-311] analyzing module RAM32M_UNIQ_BASE_
INFO: [VRFC 10-311] analyzing module RAM32M_HD32
INFO: [VRFC 10-311] analyzing module RAM32M_HD33
INFO: [VRFC 10-311] analyzing module RAM32M_HD34
INFO: [VRFC 10-311] analyzing module RAM32M_HD35
INFO: [VRFC 10-311] analyzing module RAM32M_HD36
INFO: [VRFC 10-311] analyzing module RAM32M_HD37
INFO: [VRFC 10-311] analyzing module RAM32M_HD38
INFO: [VRFC 10-311] analyzing module RAM32M_HD39
INFO: [VRFC 10-311] analyzing module RAM32M_HD40
INFO: [VRFC 10-311] analyzing module RAM32M_HD41
INFO: [VRFC 10-311] analyzing module RAM32M_HD42
INFO: [VRFC 10-311] analyzing module RAM64X1S_UNIQ_BASE_
INFO: [VRFC 10-311] analyzing module RAM64X1S_HD1
INFO: [VRFC 10-311] analyzing module RAM64X1S_HD10
INFO: [VRFC 10-311] analyzing module RAM64X1S_HD11
INFO: [VRFC 10-311] analyzing module RAM64X1S_HD12
INFO: [VRFC 10-311] analyzing module RAM64X1S_HD13
INFO: [VRFC 10-311] analyzing module RAM64X1S_HD14
INFO: [VRFC 10-311] analyzing module RAM64X1S_HD15
INFO: [VRFC 10-311] analyzing module RAM64X1S_HD16
INFO: [VRFC 10-311] analyzing module RAM64X1S_HD17
INFO: [VRFC 10-311] analyzing module RAM64X1S_HD18
INFO: [VRFC 10-311] analyzing module RAM64X1S_HD19
INFO: [VRFC 10-311] analyzing module RAM64X1S_HD2
INFO: [VRFC 10-311] analyzing module RAM64X1S_HD20
INFO: [VRFC 10-311] analyzing module RAM64X1S_HD21
INFO: [VRFC 10-311] analyzing module RAM64X1S_HD22
INFO: [VRFC 10-311] analyzing module RAM64X1S_HD23
INFO: [VRFC 10-311] analyzing module RAM64X1S_HD24
INFO: [VRFC 10-311] analyzing module RAM64X1S_HD25
INFO: [VRFC 10-311] analyzing module RAM64X1S_HD26
INFO: [VRFC 10-311] analyzing module RAM64X1S_HD27
INFO: [VRFC 10-311] analyzing module RAM64X1S_HD28
INFO: [VRFC 10-311] analyzing module RAM64X1S_HD29
INFO: [VRFC 10-311] analyzing module RAM64X1S_HD3
INFO: [VRFC 10-311] analyzing module RAM64X1S_HD30
INFO: [VRFC 10-311] analyzing module RAM64X1S_HD31
INFO: [VRFC 10-311] analyzing module RAM64X1S_HD4
INFO: [VRFC 10-311] analyzing module RAM64X1S_HD5
INFO: [VRFC 10-311] analyzing module RAM64X1S_HD6
INFO: [VRFC 10-311] analyzing module RAM64X1S_HD7
INFO: [VRFC 10-311] analyzing module RAM64X1S_HD8
INFO: [VRFC 10-311] analyzing module RAM64X1S_HD9
INFO: [VRFC 10-311] analyzing module ALU
INFO: [VRFC 10-311] analyzing module DCM_PLL
INFO: [VRFC 10-311] analyzing module DCM_PLL_DCM_PLL_clk_wiz
INFO: [VRFC 10-311] analyzing module DataRAM
INFO: [VRFC 10-311] analyzing module Decode
INFO: [VRFC 10-311] analyzing module DisplayROM
INFO: [VRFC 10-311] analyzing module EX
INFO: [VRFC 10-311] analyzing module ID
INFO: [VRFC 10-311] analyzing module IF
INFO: [VRFC 10-311] analyzing module NumberCnt
INFO: [VRFC 10-311] analyzing module NumberCnt_2
INFO: [VRFC 10-311] analyzing module NumberCnt_3
INFO: [VRFC 10-311] analyzing module NumberCnt_4
INFO: [VRFC 10-311] analyzing module NumberCnt_5
INFO: [VRFC 10-311] analyzing module PipelineCPUTest
INFO: [VRFC 10-311] analyzing module Risc5CPU
INFO: [VRFC 10-311] analyzing module TMDSencode
INFO: [VRFC 10-311] analyzing module brute_force_synchronizer
INFO: [VRFC 10-311] analyzing module button_process_unit
INFO: [VRFC 10-311] analyzing module counter_n
INFO: [VRFC 10-311] analyzing module debouncer
INFO: [VRFC 10-311] analyzing module dff
INFO: [VRFC 10-311] analyzing module dff_0
INFO: [VRFC 10-311] analyzing module dff_1
INFO: [VRFC 10-311] analyzing module dffre
INFO: [VRFC 10-311] analyzing module dffre_0
INFO: [VRFC 10-311] analyzing module dffre_13
INFO: [VRFC 10-311] analyzing module dffre_14
INFO: [VRFC 10-311] analyzing module dffre_18
INFO: [VRFC 10-311] analyzing module dffre_19
INFO: [VRFC 10-311] analyzing module dffre_21
INFO: [VRFC 10-311] analyzing module dffre_4
INFO: [VRFC 10-311] analyzing module dffre_5
INFO: [VRFC 10-311] analyzing module dffre_8
INFO: [VRFC 10-311] analyzing module dffre_9
INFO: [VRFC 10-311] analyzing module dffre_HDI_0
INFO: [VRFC 10-311] analyzing module dffre__parameterized0
INFO: [VRFC 10-311] analyzing module dffre__parameterized0_1
INFO: [VRFC 10-311] analyzing module dffre__parameterized0_10
INFO: [VRFC 10-311] analyzing module dffre__parameterized0_11
INFO: [VRFC 10-311] analyzing module dffre__parameterized0_12
INFO: [VRFC 10-311] analyzing module dffre__parameterized0_16
INFO: [VRFC 10-311] analyzing module dffre__parameterized0_17
INFO: [VRFC 10-311] analyzing module dffre__parameterized0_2
INFO: [VRFC 10-311] analyzing module dffre__parameterized0_3
INFO: [VRFC 10-311] analyzing module dffre__parameterized0_HDI_1
INFO: [VRFC 10-311] analyzing module dffre__parameterized1
INFO: [VRFC 10-311] analyzing module dffre__parameterized2
INFO: [VRFC 10-311] analyzing module dffre__parameterized3
INFO: [VRFC 10-311] analyzing module dffre__parameterized3_15
INFO: [VRFC 10-311] analyzing module dffre__parameterized3_20
INFO: [VRFC 10-311] analyzing module dffre__parameterized3_6
INFO: [VRFC 10-311] analyzing module dffre__parameterized3_7
INFO: [VRFC 10-311] analyzing module encode
INFO: [VRFC 10-311] analyzing module encode_0
INFO: [VRFC 10-311] analyzing module encode_1
INFO: [VRFC 10-311] analyzing module one_pulse
INFO: [VRFC 10-311] analyzing module syncGenarator
INFO: [VRFC 10-311] analyzing module vga_data
INFO: [VRFC 10-311] analyzing module DataRAM__dist_mem_gen_v8_0_12
INFO: [VRFC 10-311] analyzing module DataRAM__dist_mem_gen_v8_0_12_synth
INFO: [VRFC 10-311] analyzing module DataRAM__spram
INFO: [VRFC 10-311] analyzing module DisplayROM_dist_mem_gen_v8_0_12
INFO: [VRFC 10-311] analyzing module DisplayROM_dist_mem_gen_v8_0_12_synth
INFO: [VRFC 10-311] analyzing module DisplayROM_rom
INFO: [VRFC 10-311] analyzing module glbl
INFO: [VRFC 10-2263] Analyzing Verilog file "E:/codetest/Verilogtest/lab30_Risc5CPU/src/ALU.v" into library xil_defaultlib
INFO: [VRFC 10-311] analyzing module ALU
WARNING: [VRFC 10-1195] overwriting previous definition of module ALU [E:/codetest/Verilogtest/lab30_Risc5CPU/src/ALU.v:6]
INFO: [VRFC 10-2263] Analyzing Verilog file "E:/codetest/Verilogtest/lab30_Risc5CPU/src/Branch.v" into library xil_defaultlib
INFO: [VRFC 10-311] analyzing module Branch
INFO: [VRFC 10-2263] Analyzing Verilog file "E:/codetest/Verilogtest/lab30_Risc5CPU/src/Decode.v" into library xil_defaultlib
INFO: [VRFC 10-311] analyzing module Decode
WARNING: [VRFC 10-1195] overwriting previous definition of module Decode [E:/codetest/Verilogtest/lab30_Risc5CPU/src/Decode.v:5]
INFO: [VRFC 10-2263] Analyzing Verilog file "E:/codetest/Verilogtest/lab30_Risc5CPU/src/EX.v" into library xil_defaultlib
INFO: [VRFC 10-311] analyzing module EX
WARNING: [VRFC 10-1195] overwriting previous definition of module EX [E:/codetest/Verilogtest/lab30_Risc5CPU/src/EX.v:6]
INFO: [VRFC 10-2263] Analyzing Verilog file "E:/codetest/Verilogtest/lab30_Risc5CPU/src/ID.v" into library xil_defaultlib
INFO: [VRFC 10-311] analyzing module ID
WARNING: [VRFC 10-1195] overwriting previous definition of module ID [E:/codetest/Verilogtest/lab30_Risc5CPU/src/ID.v:6]
INFO: [VRFC 10-2263] Analyzing Verilog file "E:/codetest/Verilogtest/lab30_Risc5CPU/src/IF.v" into library xil_defaultlib
INFO: [VRFC 10-311] analyzing module IF
WARNING: [VRFC 10-1195] overwriting previous definition of module IF [E:/codetest/Verilogtest/lab30_Risc5CPU/src/IF.v:6]
INFO: [VRFC 10-2263] Analyzing Verilog file "E:/codetest/Verilogtest/lab30_Risc5CPU/src/InstructionROM.v" into library xil_defaultlib
INFO: [VRFC 10-311] analyzing module InstructionROM
INFO: [VRFC 10-2263] Analyzing Verilog file "E:/codetest/Verilogtest/lab30_Risc5CPU/src/RBWRegisters.v" into library xil_defaultlib
INFO: [VRFC 10-311] analyzing module RBWRegisters
INFO: [VRFC 10-2263] Analyzing Verilog file "E:/codetest/Verilogtest/lab30_Risc5CPU/src/Register.v" into library xil_defaultlib
INFO: [VRFC 10-311] analyzing module Register
INFO: [VRFC 10-2263] Analyzing Verilog file "E:/codetest/Verilogtest/lab30_Risc5CPU/src/Risc5CPU.v" into library xil_defaultlib
INFO: [VRFC 10-311] analyzing module Risc5CPU
WARNING: [VRFC 10-1195] overwriting previous definition of module Risc5CPU [E:/codetest/Verilogtest/lab30_Risc5CPU/src/Risc5CPU.v:6]
INFO: [VRFC 10-2263] Analyzing Verilog file "E:/codetest/Verilogtest/lab30_Risc5CPU/src/adder.v" into library xil_defaultlib
INFO: [VRFC 10-311] analyzing module adder
INFO: [VRFC 10-2263] Analyzing Verilog file "E:/codetest/Verilogtest/lab30_Risc5CPU/src/adder_32bits.v" into library xil_defaultlib
INFO: [VRFC 10-311] analyzing module adder_32bits
INFO: [VRFC 10-2263] Analyzing Verilog file "E:/codetest/Verilogtest/lab30_Risc5CPU/src/adder_4bits.v" into library xil_defaultlib
INFO: [VRFC 10-311] analyzing module adder_4bits
INFO: [VRFC 10-2263] Analyzing Verilog file "E:/codetest/Verilogtest/lab30_Risc5CPU/src/adder_4bitsx2.v" into library xil_defaultlib
INFO: [VRFC 10-311] analyzing module adder_4bitsx2
INFO: [VRFC 10-2263] Analyzing Verilog file "E:/codetest/Verilogtest/lab30_Risc5CPU/src/dffre.v" into library xil_defaultlib
INFO: [VRFC 10-311] analyzing module dffre
WARNING: [VRFC 10-1195] overwriting previous definition of module dffre [E:/codetest/Verilogtest/lab30_Risc5CPU/src/dffre.v:1]
INFO: [VRFC 10-2263] Analyzing Verilog file "E:/codetest/Verilogtest/lab30_Risc5CPU/src/mux.v" into library xil_defaultlib
INFO: [VRFC 10-311] analyzing module mux
INFO: [VRFC 10-2263] Analyzing Verilog file "E:/codetest/Verilogtest/lab30_Risc5CPU/src/mux32.v" into library xil_defaultlib
INFO: [VRFC 10-311] analyzing module mux32
INFO: [VRFC 10-2263] Analyzing Verilog file "E:/codetest/Verilogtest/lab30_Risc5CPU/src/Risc5CPU_tb.v" into library xil_defaultlib
INFO: [VRFC 10-311] analyzing module Risc5CPU_tb_v
